{"/Users/clemenong/Documents/NUS/Y1S2/CP2106/SingaSport/src/utils/userService.ts": {"path":"/Users/clemenong/Documents/NUS/Y1S2/CP2106/SingaSport/src/utils/userService.ts","statementMap":{"0":{"start":{"line":21,"column":27},"end":{"line":342,"column":1}},"1":{"start":{"line":23,"column":22},"end":{"line":23,"column":46}},"2":{"start":{"line":26,"column":31},"end":{"line":30,"column":5}},"3":{"start":{"line":32,"column":37},"end":{"line":42,"column":5}},"4":{"start":{"line":44,"column":4},"end":{"line":44,"column":53}},"5":{"start":{"line":45,"column":4},"end":{"line":45,"column":23}},"6":{"start":{"line":49,"column":4},"end":{"line":60,"column":5}},"7":{"start":{"line":50,"column":21},"end":{"line":50,"column":42}},"8":{"start":{"line":51,"column":22},"end":{"line":51,"column":42}},"9":{"start":{"line":53,"column":6},"end":{"line":57,"column":7}},"10":{"start":{"line":54,"column":8},"end":{"line":54,"column":45}},"11":{"start":{"line":56,"column":8},"end":{"line":56,"column":20}},"12":{"start":{"line":59,"column":6},"end":{"line":59,"column":18}},"13":{"start":{"line":64,"column":22},"end":{"line":64,"column":46}},"14":{"start":{"line":65,"column":23},"end":{"line":68,"column":5}},"15":{"start":{"line":70,"column":4},"end":{"line":70,"column":55}},"16":{"start":{"line":71,"column":4},"end":{"line":71,"column":22}},"17":{"start":{"line":75,"column":4},"end":{"line":107,"column":5}},"18":{"start":{"line":76,"column":24},"end":{"line":76,"column":48}},"19":{"start":{"line":79,"column":26},"end":{"line":79,"column":56}},"20":{"start":{"line":81,"column":6},"end":{"line":96,"column":7}},"21":{"start":{"line":83,"column":8},"end":{"line":83,"column":80}},"22":{"start":{"line":84,"column":8},"end":{"line":88,"column":11}},"23":{"start":{"line":91,"column":8},"end":{"line":94,"column":11}},"24":{"start":{"line":95,"column":8},"end":{"line":95,"column":20}},"25":{"start":{"line":99,"column":6},"end":{"line":102,"column":9}},"26":{"start":{"line":103,"column":6},"end":{"line":103,"column":18}},"27":{"start":{"line":105,"column":6},"end":{"line":105,"column":53}},"28":{"start":{"line":106,"column":6},"end":{"line":106,"column":19}},"29":{"start":{"line":111,"column":4},"end":{"line":111,"column":37}},"30":{"start":{"line":115,"column":4},"end":{"line":115,"column":37}},"31":{"start":{"line":119,"column":4},"end":{"line":119,"column":37}},"32":{"start":{"line":123,"column":4},"end":{"line":123,"column":36}},"33":{"start":{"line":127,"column":4},"end":{"line":127,"column":37}},"34":{"start":{"line":131,"column":4},"end":{"line":131,"column":46}},"35":{"start":{"line":135,"column":4},"end":{"line":148,"column":5}},"36":{"start":{"line":136,"column":26},"end":{"line":136,"column":56}},"37":{"start":{"line":137,"column":6},"end":{"line":143,"column":7}},"38":{"start":{"line":139,"column":8},"end":{"line":141,"column":11}},"39":{"start":{"line":142,"column":8},"end":{"line":142,"column":20}},"40":{"start":{"line":144,"column":6},"end":{"line":144,"column":19}},"41":{"start":{"line":146,"column":6},"end":{"line":146,"column":59}},"42":{"start":{"line":147,"column":6},"end":{"line":147,"column":19}},"43":{"start":{"line":153,"column":4},"end":{"line":190,"column":5}},"44":{"start":{"line":155,"column":6},"end":{"line":157,"column":7}},"45":{"start":{"line":156,"column":8},"end":{"line":156,"column":54}},"46":{"start":{"line":160,"column":33},"end":{"line":160,"column":84}},"47":{"start":{"line":161,"column":6},"end":{"line":163,"column":7}},"48":{"start":{"line":162,"column":8},"end":{"line":162,"column":63}},"49":{"start":{"line":166,"column":20},"end":{"line":166,"column":34}},"50":{"start":{"line":168,"column":29},"end":{"line":168,"column":60}},"51":{"start":{"line":169,"column":28},"end":{"line":169,"column":58}},"52":{"start":{"line":172,"column":6},"end":{"line":176,"column":9}},"53":{"start":{"line":179,"column":6},"end":{"line":183,"column":9}},"54":{"start":{"line":185,"column":6},"end":{"line":185,"column":27}},"55":{"start":{"line":186,"column":6},"end":{"line":186,"column":18}},"56":{"start":{"line":188,"column":6},"end":{"line":188,"column":52}},"57":{"start":{"line":189,"column":6},"end":{"line":189,"column":19}},"58":{"start":{"line":194,"column":4},"end":{"line":231,"column":5}},"59":{"start":{"line":196,"column":6},"end":{"line":198,"column":7}},"60":{"start":{"line":197,"column":8},"end":{"line":197,"column":56}},"61":{"start":{"line":201,"column":26},"end":{"line":201,"column":77}},"62":{"start":{"line":202,"column":6},"end":{"line":204,"column":7}},"63":{"start":{"line":203,"column":8},"end":{"line":203,"column":59}},"64":{"start":{"line":207,"column":20},"end":{"line":207,"column":34}},"65":{"start":{"line":209,"column":29},"end":{"line":209,"column":60}},"66":{"start":{"line":210,"column":28},"end":{"line":210,"column":58}},"67":{"start":{"line":213,"column":6},"end":{"line":217,"column":9}},"68":{"start":{"line":220,"column":6},"end":{"line":224,"column":9}},"69":{"start":{"line":226,"column":6},"end":{"line":226,"column":27}},"70":{"start":{"line":227,"column":6},"end":{"line":227,"column":18}},"71":{"start":{"line":229,"column":6},"end":{"line":229,"column":54}},"72":{"start":{"line":230,"column":6},"end":{"line":230,"column":19}},"73":{"start":{"line":235,"column":4},"end":{"line":243,"column":5}},"74":{"start":{"line":236,"column":33},"end":{"line":236,"column":73}},"75":{"start":{"line":237,"column":6},"end":{"line":237,"column":44}},"76":{"start":{"line":237,"column":31},"end":{"line":237,"column":44}},"77":{"start":{"line":239,"column":6},"end":{"line":239,"column":75}},"78":{"start":{"line":241,"column":6},"end":{"line":241,"column":60}},"79":{"start":{"line":242,"column":6},"end":{"line":242,"column":19}},"80":{"start":{"line":247,"column":4},"end":{"line":265,"column":5}},"81":{"start":{"line":248,"column":26},"end":{"line":248,"column":59}},"82":{"start":{"line":249,"column":6},"end":{"line":249,"column":60}},"83":{"start":{"line":249,"column":50},"end":{"line":249,"column":60}},"84":{"start":{"line":251,"column":47},"end":{"line":251,"column":49}},"85":{"start":{"line":254,"column":6},"end":{"line":259,"column":7}},"86":{"start":{"line":255,"column":32},"end":{"line":255,"column":69}},"87":{"start":{"line":256,"column":8},"end":{"line":258,"column":9}},"88":{"start":{"line":257,"column":10},"end":{"line":257,"column":50}},"89":{"start":{"line":261,"column":6},"end":{"line":261,"column":31}},"90":{"start":{"line":263,"column":6},"end":{"line":263,"column":55}},"91":{"start":{"line":264,"column":6},"end":{"line":264,"column":16}},"92":{"start":{"line":269,"column":4},"end":{"line":287,"column":5}},"93":{"start":{"line":270,"column":26},"end":{"line":270,"column":59}},"94":{"start":{"line":271,"column":6},"end":{"line":271,"column":60}},"95":{"start":{"line":271,"column":50},"end":{"line":271,"column":60}},"96":{"start":{"line":273,"column":47},"end":{"line":273,"column":49}},"97":{"start":{"line":276,"column":6},"end":{"line":281,"column":7}},"98":{"start":{"line":277,"column":33},"end":{"line":277,"column":71}},"99":{"start":{"line":278,"column":8},"end":{"line":280,"column":9}},"100":{"start":{"line":279,"column":10},"end":{"line":279,"column":51}},"101":{"start":{"line":283,"column":6},"end":{"line":283,"column":31}},"102":{"start":{"line":285,"column":6},"end":{"line":285,"column":55}},"103":{"start":{"line":286,"column":6},"end":{"line":286,"column":16}},"104":{"start":{"line":291,"column":4},"end":{"line":297,"column":5}},"105":{"start":{"line":292,"column":26},"end":{"line":292,"column":56}},"106":{"start":{"line":293,"column":6},"end":{"line":293,"column":43}},"107":{"start":{"line":295,"column":6},"end":{"line":295,"column":54}},"108":{"start":{"line":296,"column":6},"end":{"line":296,"column":18}},"109":{"start":{"line":302,"column":4},"end":{"line":318,"column":5}},"110":{"start":{"line":303,"column":26},"end":{"line":303,"column":56}},"111":{"start":{"line":304,"column":6},"end":{"line":313,"column":7}},"112":{"start":{"line":306,"column":8},"end":{"line":311,"column":11}},"113":{"start":{"line":312,"column":8},"end":{"line":312,"column":20}},"114":{"start":{"line":314,"column":6},"end":{"line":314,"column":19}},"115":{"start":{"line":316,"column":6},"end":{"line":316,"column":70}},"116":{"start":{"line":317,"column":6},"end":{"line":317,"column":19}},"117":{"start":{"line":322,"column":4},"end":{"line":340,"column":5}},"118":{"start":{"line":323,"column":26},"end":{"line":323,"column":56}},"119":{"start":{"line":325,"column":6},"end":{"line":334,"column":7}},"120":{"start":{"line":327,"column":8},"end":{"line":331,"column":11}},"121":{"start":{"line":332,"column":8},"end":{"line":332,"column":60}},"122":{"start":{"line":333,"column":8},"end":{"line":333,"column":20}},"123":{"start":{"line":336,"column":6},"end":{"line":336,"column":19}},"124":{"start":{"line":338,"column":6},"end":{"line":338,"column":66}},"125":{"start":{"line":339,"column":6},"end":{"line":339,"column":19}}},"fnMap":{"0":{"name":"(anonymous_0)","decl":{"start":{"line":22,"column":2},"end":{"line":22,"column":3}},"loc":{"start":{"line":22,"column":183},"end":{"line":46,"column":3}},"line":22},"1":{"name":"(anonymous_1)","decl":{"start":{"line":48,"column":2},"end":{"line":48,"column":3}},"loc":{"start":{"line":48,"column":65},"end":{"line":61,"column":3}},"line":48},"2":{"name":"(anonymous_2)","decl":{"start":{"line":63,"column":2},"end":{"line":63,"column":3}},"loc":{"start":{"line":63,"column":97},"end":{"line":72,"column":3}},"line":63},"3":{"name":"(anonymous_3)","decl":{"start":{"line":74,"column":2},"end":{"line":74,"column":3}},"loc":{"start":{"line":74,"column":54},"end":{"line":108,"column":3}},"line":74},"4":{"name":"(anonymous_4)","decl":{"start":{"line":110,"column":2},"end":{"line":110,"column":3}},"loc":{"start":{"line":110,"column":42},"end":{"line":112,"column":3}},"line":110},"5":{"name":"(anonymous_5)","decl":{"start":{"line":114,"column":2},"end":{"line":114,"column":3}},"loc":{"start":{"line":114,"column":48},"end":{"line":116,"column":3}},"line":114},"6":{"name":"(anonymous_6)","decl":{"start":{"line":118,"column":2},"end":{"line":118,"column":3}},"loc":{"start":{"line":118,"column":48},"end":{"line":120,"column":3}},"line":118},"7":{"name":"(anonymous_7)","decl":{"start":{"line":122,"column":2},"end":{"line":122,"column":3}},"loc":{"start":{"line":122,"column":47},"end":{"line":124,"column":3}},"line":122},"8":{"name":"(anonymous_8)","decl":{"start":{"line":126,"column":2},"end":{"line":126,"column":3}},"loc":{"start":{"line":126,"column":48},"end":{"line":128,"column":3}},"line":126},"9":{"name":"(anonymous_9)","decl":{"start":{"line":130,"column":2},"end":{"line":130,"column":3}},"loc":{"start":{"line":130,"column":80},"end":{"line":132,"column":3}},"line":130},"10":{"name":"(anonymous_10)","decl":{"start":{"line":134,"column":2},"end":{"line":134,"column":3}},"loc":{"start":{"line":134,"column":39},"end":{"line":149,"column":3}},"line":134},"11":{"name":"(anonymous_11)","decl":{"start":{"line":152,"column":2},"end":{"line":152,"column":3}},"loc":{"start":{"line":152,"column":82},"end":{"line":191,"column":3}},"line":152},"12":{"name":"(anonymous_12)","decl":{"start":{"line":193,"column":2},"end":{"line":193,"column":3}},"loc":{"start":{"line":193,"column":84},"end":{"line":232,"column":3}},"line":193},"13":{"name":"(anonymous_13)","decl":{"start":{"line":234,"column":2},"end":{"line":234,"column":3}},"loc":{"start":{"line":234,"column":83},"end":{"line":244,"column":3}},"line":234},"14":{"name":"(anonymous_14)","decl":{"start":{"line":246,"column":2},"end":{"line":246,"column":3}},"loc":{"start":{"line":246,"column":61},"end":{"line":266,"column":3}},"line":246},"15":{"name":"(anonymous_15)","decl":{"start":{"line":268,"column":2},"end":{"line":268,"column":3}},"loc":{"start":{"line":268,"column":61},"end":{"line":288,"column":3}},"line":268},"16":{"name":"(anonymous_16)","decl":{"start":{"line":290,"column":2},"end":{"line":290,"column":3}},"loc":{"start":{"line":290,"column":62},"end":{"line":298,"column":3}},"line":290},"17":{"name":"(anonymous_17)","decl":{"start":{"line":301,"column":2},"end":{"line":301,"column":3}},"loc":{"start":{"line":301,"column":48},"end":{"line":319,"column":3}},"line":301},"18":{"name":"(anonymous_18)","decl":{"start":{"line":321,"column":2},"end":{"line":321,"column":3}},"loc":{"start":{"line":321,"column":65},"end":{"line":341,"column":3}},"line":321}},"branchMap":{"0":{"loc":{"start":{"line":28,"column":19},"end":{"line":28,"column":89}},"type":"cond-expr","locations":[{"start":{"line":28,"column":59},"end":{"line":28,"column":63}},{"start":{"line":28,"column":66},"end":{"line":28,"column":89}}],"line":28},"1":{"loc":{"start":{"line":29,"column":23},"end":{"line":29,"column":101}},"type":"cond-expr","locations":[{"start":{"line":29,"column":67},"end":{"line":29,"column":71}},{"start":{"line":29,"column":74},"end":{"line":29,"column":101}}],"line":29},"2":{"loc":{"start":{"line":53,"column":6},"end":{"line":57,"column":7}},"type":"if","locations":[{"start":{"line":53,"column":6},"end":{"line":57,"column":7}},{"start":{"line":55,"column":13},"end":{"line":57,"column":7}}],"line":53},"3":{"loc":{"start":{"line":81,"column":6},"end":{"line":96,"column":7}},"type":"if","locations":[{"start":{"line":81,"column":6},"end":{"line":96,"column":7}},{"start":{},"end":{}}],"line":81},"4":{"loc":{"start":{"line":130,"column":55},"end":{"line":130,"column":78}},"type":"default-arg","locations":[{"start":{"line":130,"column":77},"end":{"line":130,"column":78}}],"line":130},"5":{"loc":{"start":{"line":137,"column":6},"end":{"line":143,"column":7}},"type":"if","locations":[{"start":{"line":137,"column":6},"end":{"line":143,"column":7}},{"start":{},"end":{}}],"line":137},"6":{"loc":{"start":{"line":137,"column":10},"end":{"line":137,"column":57}},"type":"binary-expr","locations":[{"start":{"line":137,"column":10},"end":{"line":137,"column":21}},{"start":{"line":137,"column":25},"end":{"line":137,"column":57}}],"line":137},"7":{"loc":{"start":{"line":155,"column":6},"end":{"line":157,"column":7}},"type":"if","locations":[{"start":{"line":155,"column":6},"end":{"line":157,"column":7}},{"start":{},"end":{}}],"line":155},"8":{"loc":{"start":{"line":161,"column":6},"end":{"line":163,"column":7}},"type":"if","locations":[{"start":{"line":161,"column":6},"end":{"line":163,"column":7}},{"start":{},"end":{}}],"line":161},"9":{"loc":{"start":{"line":196,"column":6},"end":{"line":198,"column":7}},"type":"if","locations":[{"start":{"line":196,"column":6},"end":{"line":198,"column":7}},{"start":{},"end":{}}],"line":196},"10":{"loc":{"start":{"line":202,"column":6},"end":{"line":204,"column":7}},"type":"if","locations":[{"start":{"line":202,"column":6},"end":{"line":204,"column":7}},{"start":{},"end":{}}],"line":202},"11":{"loc":{"start":{"line":237,"column":6},"end":{"line":237,"column":44}},"type":"if","locations":[{"start":{"line":237,"column":6},"end":{"line":237,"column":44}},{"start":{},"end":{}}],"line":237},"12":{"loc":{"start":{"line":239,"column":13},"end":{"line":239,"column":74}},"type":"binary-expr","locations":[{"start":{"line":239,"column":13},"end":{"line":239,"column":65}},{"start":{"line":239,"column":69},"end":{"line":239,"column":74}}],"line":239},"13":{"loc":{"start":{"line":249,"column":6},"end":{"line":249,"column":60}},"type":"if","locations":[{"start":{"line":249,"column":6},"end":{"line":249,"column":60}},{"start":{},"end":{}}],"line":249},"14":{"loc":{"start":{"line":249,"column":10},"end":{"line":249,"column":48}},"type":"binary-expr","locations":[{"start":{"line":249,"column":10},"end":{"line":249,"column":22}},{"start":{"line":249,"column":26},"end":{"line":249,"column":48}}],"line":249},"15":{"loc":{"start":{"line":256,"column":8},"end":{"line":258,"column":9}},"type":"if","locations":[{"start":{"line":256,"column":8},"end":{"line":258,"column":9}},{"start":{},"end":{}}],"line":256},"16":{"loc":{"start":{"line":271,"column":6},"end":{"line":271,"column":60}},"type":"if","locations":[{"start":{"line":271,"column":6},"end":{"line":271,"column":60}},{"start":{},"end":{}}],"line":271},"17":{"loc":{"start":{"line":271,"column":10},"end":{"line":271,"column":48}},"type":"binary-expr","locations":[{"start":{"line":271,"column":10},"end":{"line":271,"column":22}},{"start":{"line":271,"column":26},"end":{"line":271,"column":48}}],"line":271},"18":{"loc":{"start":{"line":278,"column":8},"end":{"line":280,"column":9}},"type":"if","locations":[{"start":{"line":278,"column":8},"end":{"line":280,"column":9}},{"start":{},"end":{}}],"line":278},"19":{"loc":{"start":{"line":293,"column":13},"end":{"line":293,"column":42}},"type":"binary-expr","locations":[{"start":{"line":293,"column":13},"end":{"line":293,"column":34}},{"start":{"line":293,"column":38},"end":{"line":293,"column":42}}],"line":293},"20":{"loc":{"start":{"line":304,"column":6},"end":{"line":313,"column":7}},"type":"if","locations":[{"start":{"line":304,"column":6},"end":{"line":313,"column":7}},{"start":{},"end":{}}],"line":304},"21":{"loc":{"start":{"line":304,"column":10},"end":{"line":304,"column":60}},"type":"binary-expr","locations":[{"start":{"line":304,"column":10},"end":{"line":304,"column":21}},{"start":{"line":304,"column":25},"end":{"line":304,"column":60}}],"line":304},"22":{"loc":{"start":{"line":325,"column":6},"end":{"line":334,"column":7}},"type":"if","locations":[{"start":{"line":325,"column":6},"end":{"line":334,"column":7}},{"start":{},"end":{}}],"line":325},"23":{"loc":{"start":{"line":329,"column":17},"end":{"line":329,"column":32}},"type":"binary-expr","locations":[{"start":{"line":329,"column":17},"end":{"line":329,"column":26}},{"start":{"line":329,"column":30},"end":{"line":329,"column":32}}],"line":329}},"s":{"0":2,"1":1,"2":1,"3":1,"4":1,"5":1,"6":1,"7":1,"8":1,"9":1,"10":1,"11":0,"12":0,"13":0,"14":0,"15":0,"16":0,"17":1,"18":1,"19":1,"20":1,"21":0,"22":0,"23":0,"24":0,"25":1,"26":1,"27":0,"28":0,"29":1,"30":1,"31":1,"32":1,"33":0,"34":0,"35":0,"36":0,"37":0,"38":0,"39":0,"40":0,"41":0,"42":0,"43":0,"44":0,"45":0,"46":0,"47":0,"48":0,"49":0,"50":0,"51":0,"52":0,"53":0,"54":0,"55":0,"56":0,"57":0,"58":0,"59":0,"60":0,"61":0,"62":0,"63":0,"64":0,"65":0,"66":0,"67":0,"68":0,"69":0,"70":0,"71":0,"72":0,"73":0,"74":0,"75":0,"76":0,"77":0,"78":0,"79":0,"80":0,"81":0,"82":0,"83":0,"84":0,"85":0,"86":0,"87":0,"88":0,"89":0,"90":0,"91":0,"92":0,"93":0,"94":0,"95":0,"96":0,"97":0,"98":0,"99":0,"100":0,"101":0,"102":0,"103":0,"104":0,"105":0,"106":0,"107":0,"108":0,"109":0,"110":0,"111":0,"112":0,"113":0,"114":0,"115":0,"116":0,"117":0,"118":0,"119":0,"120":0,"121":0,"122":0,"123":0,"124":0,"125":0},"f":{"0":1,"1":1,"2":0,"3":1,"4":1,"5":1,"6":1,"7":1,"8":0,"9":0,"10":0,"11":0,"12":0,"13":0,"14":0,"15":0,"16":0,"17":0,"18":0},"b":{"0":[1,0],"1":[1,0],"2":[1,0],"3":[0,1],"4":[0],"5":[0,0],"6":[0,0],"7":[0,0],"8":[0,0],"9":[0,0],"10":[0,0],"11":[0,0],"12":[0,0],"13":[0,0],"14":[0,0],"15":[0,0],"16":[0,0],"17":[0,0],"18":[0,0],"19":[0,0],"20":[0,0],"21":[0,0],"22":[0,0],"23":[0,0]},"_coverageSchema":"1a1c01bbd47fc00a2c39e90264f33305004495a9","hash":"93584a74dcd3d81d6cc601515add7613a123b804"}
}
