TN:
SF:src/utils/userService.ts
FN:22,(anonymous_0)
FN:48,(anonymous_1)
FN:63,(anonymous_2)
FN:74,(anonymous_3)
FN:110,(anonymous_4)
FN:114,(anonymous_5)
FN:118,(anonymous_6)
FN:122,(anonymous_7)
FN:126,(anonymous_8)
FN:130,(anonymous_9)
FN:134,(anonymous_10)
FN:152,(anonymous_11)
FN:193,(anonymous_12)
FN:234,(anonymous_13)
FN:246,(anonymous_14)
FN:268,(anonymous_15)
FN:290,(anonymous_16)
FN:301,(anonymous_17)
FN:321,(anonymous_18)
FNF:19
FNH:7
FNDA:1,(anonymous_0)
FNDA:1,(anonymous_1)
FNDA:0,(anonymous_2)
FNDA:1,(anonymous_3)
FNDA:1,(anonymous_4)
FNDA:1,(anonymous_5)
FNDA:1,(anonymous_6)
FNDA:1,(anonymous_7)
FNDA:0,(anonymous_8)
FNDA:0,(anonymous_9)
FNDA:0,(anonymous_10)
FNDA:0,(anonymous_11)
FNDA:0,(anonymous_12)
FNDA:0,(anonymous_13)
FNDA:0,(anonymous_14)
FNDA:0,(anonymous_15)
FNDA:0,(anonymous_16)
FNDA:0,(anonymous_17)
FNDA:0,(anonymous_18)
DA:21,2
DA:23,1
DA:26,1
DA:32,1
DA:44,1
DA:45,1
DA:49,1
DA:50,1
DA:51,1
DA:53,1
DA:54,1
DA:56,0
DA:59,0
DA:64,0
DA:65,0
DA:70,0
DA:71,0
DA:75,1
DA:76,1
DA:79,1
DA:81,1
DA:83,0
DA:84,0
DA:91,0
DA:95,0
DA:99,1
DA:103,1
DA:105,0
DA:106,0
DA:111,1
DA:115,1
DA:119,1
DA:123,1
DA:127,0
DA:131,0
DA:135,0
DA:136,0
DA:137,0
DA:139,0
DA:142,0
DA:144,0
DA:146,0
DA:147,0
DA:153,0
DA:155,0
DA:156,0
DA:160,0
DA:161,0
DA:162,0
DA:166,0
DA:168,0
DA:169,0
DA:172,0
DA:179,0
DA:185,0
DA:186,0
DA:188,0
DA:189,0
DA:194,0
DA:196,0
DA:197,0
DA:201,0
DA:202,0
DA:203,0
DA:207,0
DA:209,0
DA:210,0
DA:213,0
DA:220,0
DA:226,0
DA:227,0
DA:229,0
DA:230,0
DA:235,0
DA:236,0
DA:237,0
DA:239,0
DA:241,0
DA:242,0
DA:247,0
DA:248,0
DA:249,0
DA:251,0
DA:254,0
DA:255,0
DA:256,0
DA:257,0
DA:261,0
DA:263,0
DA:264,0
DA:269,0
DA:270,0
DA:271,0
DA:273,0
DA:276,0
DA:277,0
DA:278,0
DA:279,0
DA:283,0
DA:285,0
DA:286,0
DA:291,0
DA:292,0
DA:293,0
DA:295,0
DA:296,0
DA:302,0
DA:303,0
DA:304,0
DA:306,0
DA:312,0
DA:314,0
DA:316,0
DA:317,0
DA:322,0
DA:323,0
DA:325,0
DA:327,0
DA:332,0
DA:333,0
DA:336,0
DA:338,0
DA:339,0
LF:123
LH:21
BRDA:28,0,0,1
BRDA:28,0,1,0
BRDA:29,1,0,1
BRDA:29,1,1,0
BRDA:53,2,0,1
BRDA:53,2,1,0
BRDA:81,3,0,0
BRDA:81,3,1,1
BRDA:130,4,0,0
BRDA:137,5,0,0
BRDA:137,5,1,0
BRDA:137,6,0,0
BRDA:137,6,1,0
BRDA:155,7,0,0
BRDA:155,7,1,0
BRDA:161,8,0,0
BRDA:161,8,1,0
BRDA:196,9,0,0
BRDA:196,9,1,0
BRDA:202,10,0,0
BRDA:202,10,1,0
BRDA:237,11,0,0
BRDA:237,11,1,0
BRDA:239,12,0,0
BRDA:239,12,1,0
BRDA:249,13,0,0
BRDA:249,13,1,0
BRDA:249,14,0,0
BRDA:249,14,1,0
BRDA:256,15,0,0
BRDA:256,15,1,0
BRDA:271,16,0,0
BRDA:271,16,1,0
BRDA:271,17,0,0
BRDA:271,17,1,0
BRDA:278,18,0,0
BRDA:278,18,1,0
BRDA:293,19,0,0
BRDA:293,19,1,0
BRDA:304,20,0,0
BRDA:304,20,1,0
BRDA:304,21,0,0
BRDA:304,21,1,0
BRDA:325,22,0,0
BRDA:325,22,1,0
BRDA:329,23,0,0
BRDA:329,23,1,0
BRF:47
BRH:4
end_of_record
